<?xml version="1.0" encoding="UTF-8"?>
<!-- Generated by org.testng.reporters.JUnitReportReporter -->
<testsuite hostname="DESKTOP-5IK2IB9" failures="0" tests="1" name="com.datadrivendemo.DataDrivenLogin" time="5.135" errors="0" timestamp="2023-11-20T12:59:15 IST" skipped="0">
  <testcase classname="com.datadrivendemo.DataDrivenLogin" name="Launchsite" time="5.135"/>
</testsuite> <!-- com.datadrivendemo.DataDrivenLogin -->
